<?xml version="1.0" encoding="UTF-8"?>
<!-- Generated by org.testng.reporters.JUnitXMLReporter -->
<testsuite ignored="0" hostname="LAPTOP-AQOT1BNJ" failures="0" tests="3" name="Test" time="0.05" errors="0" timestamp="2023-07-24T11:02:38 IST">
  <testcase classname="TestNG_TestLevel.Annotation_TestLevel" name="abc" time="0.004"/>
  <testcase classname="TestNG_TestLevel.Annoatation_TestLevel1" name="xyz" time="0.0"/>
  <testcase classname="TestNG_TestLevel.Annoatation_TestLevel1" name="csk" time="0.0"/>
</testsuite> <!-- Test -->
