<?xml version="1.0" encoding="UTF-8"?>
<!-- Generated by org.testng.reporters.JUnitXMLReporter -->
<testsuite ignored="6" hostname="LAPTOP-AQOT1BNJ" failures="0" tests="3" name="my test" time="0.098" errors="0" timestamp="2023-08-22T15:58:40 IST">
  <testcase classname="Grouping.grouping" name="signupByEmail" time="0.012"/>
  <testcase classname="Grouping.grouping" name="paymentInRupees" time="0.002"/>
  <testcase classname="Grouping.grouping" name="loginByEmail" time="0.006"/>
  <testcase classname="Grouping.grouping" name="loginByTwitter" time="0.0">
    <ignored/>
  </testcase> <!-- loginByTwitter -->
  <testcase classname="Grouping.grouping" name="loginByFacebook" time="0.0">
    <ignored/>
  </testcase> <!-- loginByFacebook -->
  <testcase classname="Grouping.grouping" name="paymentInDollars" time="0.0">
    <ignored/>
  </testcase> <!-- paymentInDollars -->
  <testcase classname="Grouping.grouping" name="paymentReturnByBank" time="0.0">
    <ignored/>
  </testcase> <!-- paymentReturnByBank -->
  <testcase classname="Grouping.grouping" name="signupByFacebook" time="0.0">
    <ignored/>
  </testcase> <!-- signupByFacebook -->
  <testcase classname="Grouping.grouping" name="signupByTwitter" time="0.0">
    <ignored/>
  </testcase> <!-- signupByTwitter -->
</testsuite> <!-- my test -->
